<?xml version="1.0" encoding="UTF-8"?>
<testsuite xmlns:xsi="http://www.w3.org/2001/XMLSchema-instance" xsi:noNamespaceSchemaLocation="https://maven.apache.org/surefire/maven-surefire-plugin/xsd/surefire-test-report.xsd" name="eu.k2dev.message.boundary.MessageResourceTest" time="1.081" tests="1" errors="0" skipped="0" failures="0">
  <properties>
    <property name="sun.desktop" value="gnome"/>
    <property name="awt.toolkit" value="sun.awt.X11.XToolkit"/>
    <property name="java.specification.version" value="11"/>
    <property name="sun.cpu.isalist" value=""/>
    <property name="sun.jnu.encoding" value="UTF-8"/>
    <property name="java.class.path" value="/home/stkk/IdeaProjects/JavaEEStartup/target/test-classes:/home/stkk/IdeaProjects/JavaEEStartup/target/classes:/home/stkk/.m2/repository/javax/javaee-api/8.0/javaee-api-8.0.jar:/home/stkk/.m2/repository/com/sun/mail/javax.mail/1.6.0/javax.mail-1.6.0.jar:/home/stkk/.m2/repository/javax/activation/activation/1.1/activation-1.1.jar:/home/stkk/.m2/repository/javax/enterprise/cdi-api/2.0/cdi-api-2.0.jar:/home/stkk/.m2/repository/javax/el/javax.el-api/3.0.0/javax.el-api-3.0.0.jar:/home/stkk/.m2/repository/javax/interceptor/javax.interceptor-api/1.2/javax.interceptor-api-1.2.jar:/home/stkk/.m2/repository/javax/inject/javax.inject/1/javax.inject-1.jar:/home/stkk/.m2/repository/javax/ws/rs/javax.ws.rs-api/2.1/javax.ws.rs-api-2.1.jar:/home/stkk/.m2/repository/javax/json/bind/javax.json.bind-api/1.0/javax.json.bind-api-1.0.jar:/home/stkk/.m2/repository/javax/json/javax.json-api/1.1/javax.json-api-1.1.jar:/home/stkk/.m2/repository/javax/annotation/javax.annotation-api/1.3/javax.annotation-api-1.3.jar:/home/stkk/.m2/repository/org/eclipse/microprofile/config/microprofile-config-api/1.3/microprofile-config-api-1.3.jar:/home/stkk/.m2/repository/org/osgi/org.osgi.annotation.versioning/1.0.0/org.osgi.annotation.versioning-1.0.0.jar:/home/stkk/.m2/repository/org/eclipse/microprofile/fault-tolerance/microprofile-fault-tolerance-api/1.1/microprofile-fault-tolerance-api-1.1.jar:/home/stkk/.m2/repository/org/eclipse/microprofile/health/microprofile-health-api/1.0/microprofile-health-api-1.0.jar:/home/stkk/.m2/repository/org/eclipse/microprofile/metrics/microprofile-metrics-api/1.1/microprofile-metrics-api-1.1.jar:/home/stkk/.m2/repository/org/eclipse/microprofile/jwt/microprofile-jwt-auth-api/1.1/microprofile-jwt-auth-api-1.1.jar:/home/stkk/.m2/repository/org/eclipse/microprofile/openapi/microprofile-openapi-api/1.0/microprofile-openapi-api-1.0.jar:/home/stkk/.m2/repository/org/eclipse/microprofile/rest/client/microprofile-rest-client-api/1.1/microprofile-rest-client-api-1.1.jar:/home/stkk/.m2/repository/org/eclipse/microprofile/opentracing/microprofile-opentracing-api/1.1/microprofile-opentracing-api-1.1.jar:/home/stkk/.m2/repository/org/apache/geronimo/specs/geronimo-atinject_1.0_spec/1.0/geronimo-atinject_1.0_spec-1.0.jar:/home/stkk/.m2/repository/org/junit/jupiter/junit-jupiter-api/5.6.0/junit-jupiter-api-5.6.0.jar:/home/stkk/.m2/repository/org/apiguardian/apiguardian-api/1.1.0/apiguardian-api-1.1.0.jar:/home/stkk/.m2/repository/org/opentest4j/opentest4j/1.2.0/opentest4j-1.2.0.jar:/home/stkk/.m2/repository/org/junit/platform/junit-platform-commons/1.6.0/junit-platform-commons-1.6.0.jar:/home/stkk/.m2/repository/org/junit/jupiter/junit-jupiter-engine/5.6.0/junit-jupiter-engine-5.6.0.jar:/home/stkk/.m2/repository/org/junit/platform/junit-platform-engine/1.6.0/junit-platform-engine-1.6.0.jar:/home/stkk/.m2/repository/org/mockito/mockito-core/3.2.0/mockito-core-3.2.0.jar:/home/stkk/.m2/repository/net/bytebuddy/byte-buddy/1.10.3/byte-buddy-1.10.3.jar:/home/stkk/.m2/repository/net/bytebuddy/byte-buddy-agent/1.10.3/byte-buddy-agent-1.10.3.jar:/home/stkk/.m2/repository/org/objenesis/objenesis/2.6/objenesis-2.6.jar:/home/stkk/.m2/repository/org/mockito/mockito-junit-jupiter/3.2.0/mockito-junit-jupiter-3.2.0.jar:/home/stkk/.m2/repository/org/assertj/assertj-core/3.14.0/assertj-core-3.14.0.jar:/home/stkk/.m2/repository/org/jboss/weld/se/weld-se-core/3.1.4.Final/weld-se-core-3.1.4.Final.jar:/home/stkk/.m2/repository/org/jboss/weld/environment/weld-environment-common/3.1.4.Final/weld-environment-common-3.1.4.Final.jar:/home/stkk/.m2/repository/org/jboss/weld/weld-core-impl/3.1.4.Final/weld-core-impl-3.1.4.Final.jar:/home/stkk/.m2/repository/org/jboss/weld/weld-api/3.1.SP2/weld-api-3.1.SP2.jar:/home/stkk/.m2/repository/org/jboss/weld/weld-spi/3.1.SP2/weld-spi-3.1.SP2.jar:/home/stkk/.m2/repository/org/jboss/spec/javax/annotation/jboss-annotations-api_1.3_spec/2.0.1.Final/jboss-annotations-api_1.3_spec-2.0.1.Final.jar:/home/stkk/.m2/repository/org/jboss/spec/javax/el/jboss-el-api_3.0_spec/2.0.0.Final/jboss-el-api_3.0_spec-2.0.0.Final.jar:/home/stkk/.m2/repository/org/jboss/spec/javax/interceptor/jboss-interceptors-api_1.2_spec/2.0.0.Final/jboss-interceptors-api_1.2_spec-2.0.0.Final.jar:/home/stkk/.m2/repository/org/jboss/logging/jboss-logging/3.2.1.Final/jboss-logging-3.2.1.Final.jar:/home/stkk/.m2/repository/org/jboss/weld/probe/weld-probe-core/3.1.4.Final/weld-probe-core-3.1.4.Final.jar:/home/stkk/.m2/repository/jakarta/enterprise/jakarta.enterprise.cdi-api/2.0.2/jakarta.enterprise.cdi-api-2.0.2.jar:/home/stkk/.m2/repository/jakarta/inject/jakarta.inject-api/1.0/jakarta.inject-api-1.0.jar:/home/stkk/.m2/repository/org/jboss/classfilewriter/jboss-classfilewriter/1.2.4.Final/jboss-classfilewriter-1.2.4.Final.jar:"/>
    <property name="java.vm.vendor" value="AdoptOpenJDK"/>
    <property name="sun.arch.data.model" value="64"/>
    <property name="java.vendor.url" value="https://adoptopenjdk.net/"/>
    <property name="user.timezone" value=""/>
    <property name="java.vm.specification.version" value="11"/>
    <property name="os.name" value="Linux"/>
    <property name="sun.java.launcher" value="SUN_STANDARD"/>
    <property name="user.country" value="US"/>
    <property name="sun.boot.library.path" value="/home/stkk/.jdks/adopt-openjdk-11.0.7/lib"/>
    <property name="sun.java.command" value="/home/stkk/IdeaProjects/JavaEEStartup/target/surefire/surefirebooter2403176671839814198.jar /home/stkk/IdeaProjects/JavaEEStartup/target/surefire 2020-07-17T23-59-30_572-jvmRun1 surefire1438947555749258957tmp surefire_014841541125818599454tmp"/>
    <property name="jdk.debug" value="release"/>
    <property name="surefire.test.class.path" value="/home/stkk/IdeaProjects/JavaEEStartup/target/test-classes:/home/stkk/IdeaProjects/JavaEEStartup/target/classes:/home/stkk/.m2/repository/javax/javaee-api/8.0/javaee-api-8.0.jar:/home/stkk/.m2/repository/com/sun/mail/javax.mail/1.6.0/javax.mail-1.6.0.jar:/home/stkk/.m2/repository/javax/activation/activation/1.1/activation-1.1.jar:/home/stkk/.m2/repository/javax/enterprise/cdi-api/2.0/cdi-api-2.0.jar:/home/stkk/.m2/repository/javax/el/javax.el-api/3.0.0/javax.el-api-3.0.0.jar:/home/stkk/.m2/repository/javax/interceptor/javax.interceptor-api/1.2/javax.interceptor-api-1.2.jar:/home/stkk/.m2/repository/javax/inject/javax.inject/1/javax.inject-1.jar:/home/stkk/.m2/repository/javax/ws/rs/javax.ws.rs-api/2.1/javax.ws.rs-api-2.1.jar:/home/stkk/.m2/repository/javax/json/bind/javax.json.bind-api/1.0/javax.json.bind-api-1.0.jar:/home/stkk/.m2/repository/javax/json/javax.json-api/1.1/javax.json-api-1.1.jar:/home/stkk/.m2/repository/javax/annotation/javax.annotation-api/1.3/javax.annotation-api-1.3.jar:/home/stkk/.m2/repository/org/eclipse/microprofile/config/microprofile-config-api/1.3/microprofile-config-api-1.3.jar:/home/stkk/.m2/repository/org/osgi/org.osgi.annotation.versioning/1.0.0/org.osgi.annotation.versioning-1.0.0.jar:/home/stkk/.m2/repository/org/eclipse/microprofile/fault-tolerance/microprofile-fault-tolerance-api/1.1/microprofile-fault-tolerance-api-1.1.jar:/home/stkk/.m2/repository/org/eclipse/microprofile/health/microprofile-health-api/1.0/microprofile-health-api-1.0.jar:/home/stkk/.m2/repository/org/eclipse/microprofile/metrics/microprofile-metrics-api/1.1/microprofile-metrics-api-1.1.jar:/home/stkk/.m2/repository/org/eclipse/microprofile/jwt/microprofile-jwt-auth-api/1.1/microprofile-jwt-auth-api-1.1.jar:/home/stkk/.m2/repository/org/eclipse/microprofile/openapi/microprofile-openapi-api/1.0/microprofile-openapi-api-1.0.jar:/home/stkk/.m2/repository/org/eclipse/microprofile/rest/client/microprofile-rest-client-api/1.1/microprofile-rest-client-api-1.1.jar:/home/stkk/.m2/repository/org/eclipse/microprofile/opentracing/microprofile-opentracing-api/1.1/microprofile-opentracing-api-1.1.jar:/home/stkk/.m2/repository/org/apache/geronimo/specs/geronimo-atinject_1.0_spec/1.0/geronimo-atinject_1.0_spec-1.0.jar:/home/stkk/.m2/repository/org/junit/jupiter/junit-jupiter-api/5.6.0/junit-jupiter-api-5.6.0.jar:/home/stkk/.m2/repository/org/apiguardian/apiguardian-api/1.1.0/apiguardian-api-1.1.0.jar:/home/stkk/.m2/repository/org/opentest4j/opentest4j/1.2.0/opentest4j-1.2.0.jar:/home/stkk/.m2/repository/org/junit/platform/junit-platform-commons/1.6.0/junit-platform-commons-1.6.0.jar:/home/stkk/.m2/repository/org/junit/jupiter/junit-jupiter-engine/5.6.0/junit-jupiter-engine-5.6.0.jar:/home/stkk/.m2/repository/org/junit/platform/junit-platform-engine/1.6.0/junit-platform-engine-1.6.0.jar:/home/stkk/.m2/repository/org/mockito/mockito-core/3.2.0/mockito-core-3.2.0.jar:/home/stkk/.m2/repository/net/bytebuddy/byte-buddy/1.10.3/byte-buddy-1.10.3.jar:/home/stkk/.m2/repository/net/bytebuddy/byte-buddy-agent/1.10.3/byte-buddy-agent-1.10.3.jar:/home/stkk/.m2/repository/org/objenesis/objenesis/2.6/objenesis-2.6.jar:/home/stkk/.m2/repository/org/mockito/mockito-junit-jupiter/3.2.0/mockito-junit-jupiter-3.2.0.jar:/home/stkk/.m2/repository/org/assertj/assertj-core/3.14.0/assertj-core-3.14.0.jar:/home/stkk/.m2/repository/org/jboss/weld/se/weld-se-core/3.1.4.Final/weld-se-core-3.1.4.Final.jar:/home/stkk/.m2/repository/org/jboss/weld/environment/weld-environment-common/3.1.4.Final/weld-environment-common-3.1.4.Final.jar:/home/stkk/.m2/repository/org/jboss/weld/weld-core-impl/3.1.4.Final/weld-core-impl-3.1.4.Final.jar:/home/stkk/.m2/repository/org/jboss/weld/weld-api/3.1.SP2/weld-api-3.1.SP2.jar:/home/stkk/.m2/repository/org/jboss/weld/weld-spi/3.1.SP2/weld-spi-3.1.SP2.jar:/home/stkk/.m2/repository/org/jboss/spec/javax/annotation/jboss-annotations-api_1.3_spec/2.0.1.Final/jboss-annotations-api_1.3_spec-2.0.1.Final.jar:/home/stkk/.m2/repository/org/jboss/spec/javax/el/jboss-el-api_3.0_spec/2.0.0.Final/jboss-el-api_3.0_spec-2.0.0.Final.jar:/home/stkk/.m2/repository/org/jboss/spec/javax/interceptor/jboss-interceptors-api_1.2_spec/2.0.0.Final/jboss-interceptors-api_1.2_spec-2.0.0.Final.jar:/home/stkk/.m2/repository/org/jboss/logging/jboss-logging/3.2.1.Final/jboss-logging-3.2.1.Final.jar:/home/stkk/.m2/repository/org/jboss/weld/probe/weld-probe-core/3.1.4.Final/weld-probe-core-3.1.4.Final.jar:/home/stkk/.m2/repository/jakarta/enterprise/jakarta.enterprise.cdi-api/2.0.2/jakarta.enterprise.cdi-api-2.0.2.jar:/home/stkk/.m2/repository/jakarta/inject/jakarta.inject-api/1.0/jakarta.inject-api-1.0.jar:/home/stkk/.m2/repository/org/jboss/classfilewriter/jboss-classfilewriter/1.2.4.Final/jboss-classfilewriter-1.2.4.Final.jar:"/>
    <property name="sun.cpu.endian" value="little"/>
    <property name="user.home" value="/home/stkk"/>
    <property name="user.language" value="en"/>
    <property name="java.specification.vendor" value="Oracle Corporation"/>
    <property name="java.version.date" value="2020-04-14"/>
    <property name="java.home" value="/home/stkk/.jdks/adopt-openjdk-11.0.7"/>
    <property name="file.separator" value="/"/>
    <property name="basedir" value="/home/stkk/IdeaProjects/JavaEEStartup"/>
    <property name="java.vm.compressedOopsMode" value="32-bit"/>
    <property name="line.separator" value="&#10;"/>
    <property name="java.specification.name" value="Java Platform API Specification"/>
    <property name="java.vm.specification.vendor" value="Oracle Corporation"/>
    <property name="java.awt.graphicsenv" value="sun.awt.X11GraphicsEnvironment"/>
    <property name="idea.version2020.1.2" value="true"/>
    <property name="surefire.real.class.path" value="/home/stkk/IdeaProjects/JavaEEStartup/target/surefire/surefirebooter2403176671839814198.jar"/>
    <property name="sun.management.compiler" value="HotSpot 64-Bit Tiered Compilers"/>
    <property name="java.runtime.version" value="11.0.7+10"/>
    <property name="user.name" value="stkk"/>
    <property name="path.separator" value=":"/>
    <property name="os.version" value="4.15.0-111-generic"/>
    <property name="java.runtime.name" value="OpenJDK Runtime Environment"/>
    <property name="file.encoding" value="UTF-8"/>
    <property name="java.vm.name" value="OpenJDK 64-Bit Server VM"/>
    <property name="java.vendor.version" value="AdoptOpenJDK"/>
    <property name="localRepository" value="/home/stkk/.m2/repository"/>
    <property name="java.vendor.url.bug" value="https://github.com/AdoptOpenJDK/openjdk-support/issues"/>
    <property name="java.io.tmpdir" value="/tmp"/>
    <property name="java.version" value="11.0.7"/>
    <property name="user.dir" value="/home/stkk/IdeaProjects/JavaEEStartup"/>
    <property name="os.arch" value="amd64"/>
    <property name="java.vm.specification.name" value="Java Virtual Machine Specification"/>
    <property name="java.awt.printerjob" value="sun.print.PSPrinterJob"/>
    <property name="sun.os.patch.level" value="unknown"/>
    <property name="java.library.path" value="/usr/java/packages/lib:/usr/lib64:/lib64:/lib:/usr/lib"/>
    <property name="java.vendor" value="AdoptOpenJDK"/>
    <property name="java.vm.info" value="mixed mode"/>
    <property name="java.vm.version" value="11.0.7+10"/>
    <property name="sun.io.unicode.encoding" value="UnicodeLittle"/>
    <property name="java.class.version" value="55.0"/>
  </properties>
  <testcase name="shouldReturnMessageFromProducer" classname="eu.k2dev.message.boundary.MessageResourceTest" time="1.071"/>
</testsuite>